<?xml version="1.0" encoding="UTF-8"?>
<testsuite xmlns:xsi="http://www.w3.org/2001/XMLSchema-instance" xsi:noNamespaceSchemaLocation="https://maven.apache.org/surefire/maven-surefire-plugin/xsd/surefire-test-report.xsd" version="3.0.2" name="com.salofy.common_security_jwt.CommonSecurityJwtApplicationTests" time="2.325" tests="1" errors="0" skipped="0" failures="0">
  <properties>
[...]
</properties>
  <testcase name="contextLoads" classname="com.salofy.common_security_jwt.CommonSecurityJwtApplicationTests" time="0.686">
    <system-out><![CDATA[16:25:23.702 [main] INFO org.springframework.test.context.support.AnnotationConfigContextLoaderUtils -- Could not detect default configuration classes for test class [com.salofy.common_security_jwt.CommonSecurityJwtApplicationTests]: CommonSecurityJwtApplicationTests does not declare any static, non-private, non-final, nested classes annotated with @Configuration.
16:25:23.818 [main] INFO org.springframework.boot.test.context.SpringBootTestContextBootstrapper -- Found @SpringBootConfiguration com.salofy.common_security_jwt.CommonSecurityJwtApplication for test class com.salofy.common_security_jwt.CommonSecurityJwtApplicationTests

  .   ____          _            __ _ _
 /\\ / ___'_ __ _ _(_)_ __  __ _ \ \ \ \
( ( )\___ | '_ | '_| | '_ \/ _` | \ \ \ \
 \\/  ___)| |_)| | | | | || (_| |  ) ) ) )
  '  |____| .__|_| |_|_| |_\__, | / / / /
 =========|_|==============|___/=/_/_/_/

 :: Spring Boot ::                (v3.5.6)

2025-09-26T16:25:24.230+05:30  INFO 32736 --- [common-security-jwt] [           main] c.s.c.CommonSecurityJwtApplicationTests  : Starting CommonSecurityJwtApplicationTests using Java 21.0.8 with PID 32736 (started by ManeeshKumar in C:\Users\ManeeshKumar\p\common-security-jwt\common-security-jwt)
2025-09-26T16:25:24.232+05:30  INFO 32736 --- [common-security-jwt] [           main] c.s.c.CommonSecurityJwtApplicationTests  : No active profile set, falling back to 1 default profile: "default"
2025-09-26T16:25:24.952+05:30  WARN 32736 --- [common-security-jwt] [           main] .s.s.UserDetailsServiceAutoConfiguration : 

Using generated security password: a6e6cc37-c8fd-4439-92b5-5e91e4757884

This generated password is for development use only. Your security configuration must be updated before running your application in production.

2025-09-26T16:25:24.957+05:30  INFO 32736 --- [common-security-jwt] [           main] r$InitializeUserDetailsManagerConfigurer : Global AuthenticationManager configured with UserDetailsService bean with name inMemoryUserDetailsManager
2025-09-26T16:25:25.190+05:30  INFO 32736 --- [common-security-jwt] [           main] c.s.c.CommonSecurityJwtApplicationTests  : Started CommonSecurityJwtApplicationTests in 1.23 seconds (process running for 2.575)
]]></system-out>
    <system-err><![CDATA[Mockito is currently self-attaching to enable the inline-mock-maker. This will no longer work in future releases of the JDK. Please add Mockito as an agent to your build as described in Mockito's documentation: https://javadoc.io/doc/org.mockito/mockito-core/latest/org.mockito/org/mockito/Mockito.html#0.3
WARNING: A Java agent has been loaded dynamically (C:\Users\ManeeshKumar\.m2\repository\net\bytebuddy\byte-buddy-agent\1.17.7\byte-buddy-agent-1.17.7.jar)
WARNING: If a serviceability tool is in use, please run with -XX:+EnableDynamicAgentLoading to hide this warning
WARNING: If a serviceability tool is not in use, please run with -Djdk.instrument.traceUsage for more information
WARNING: Dynamic loading of agents will be disallowed by default in a future release
]]></system-err>
  </testcase>
</testsuite>